============================================================
  Generated by:           Genus(TM) Synthesis Solution 16.12-s027_1
  Generated on:           Mar 26 2025  03:54:55 pm
  Module:                 pulpino_top
  Technology libraries:   CLOCK65LPLVT 
                          CORE65LPLVT 
                          SPHDL100909 
                          PAD 
  Operating conditions:   typical (balanced_tree)
  Wireload mode:          enclosed
  Area mode:              timing library
============================================================

                                         
       Gate        Instances     Area        Library     
---------------------------------------------------------
HS65_LLS_XNOR2X3          49     203.840    CORE65LPLVT  
HS65_LLS_XNOR2X6          66     274.560    CORE65LPLVT  
HS65_LLS_XNOR3X2           5      41.600    CORE65LPLVT  
HS65_LLS_XNOR3X4           1       9.880    CORE65LPLVT  
HS65_LLS_XOR2X3           60     249.600    CORE65LPLVT  
HS65_LLS_XOR2X6          189     786.240    CORE65LPLVT  
HS65_LLS_XOR3X2           53     413.400    CORE65LPLVT  
HS65_LL_AND2X4          1158    3010.800    CORE65LPLVT  
HS65_LL_AND3X4             2       7.280    CORE65LPLVT  
HS65_LL_AND3X9            31     112.840    CORE65LPLVT  
HS65_LL_AND4X3             1       5.200    CORE65LPLVT  
HS65_LL_AND4X6            12      62.400    CORE65LPLVT  
HS65_LL_AO112X4           26     108.160    CORE65LPLVT  
HS65_LL_AO112X9           54     224.640    CORE65LPLVT  
HS65_LL_AO12X4             3      10.920    CORE65LPLVT  
HS65_LL_AO12X9           173     629.720    CORE65LPLVT  
HS65_LL_AO212X4          276    1291.680    CORE65LPLVT  
HS65_LL_AO222X4         2017   11537.240    CORE65LPLVT  
HS65_LL_AO22X4            31     128.960    CORE65LPLVT  
HS65_LL_AO22X9           805    3348.800    CORE65LPLVT  
HS65_LL_AO311X4            1       4.680    CORE65LPLVT  
HS65_LL_AO311X9            2       9.360    CORE65LPLVT  
HS65_LL_AO312X9           11      62.920    CORE65LPLVT  
HS65_LL_AO31X9            19      79.040    CORE65LPLVT  
HS65_LL_AO32X4            48     224.640    CORE65LPLVT  
HS65_LL_AO33X9            16      91.520    CORE65LPLVT  
HS65_LL_AOI112X4          29     105.560    CORE65LPLVT  
HS65_LL_AOI12X2          172     447.200    CORE65LPLVT  
HS65_LL_AOI12X6            3       9.360    CORE65LPLVT  
HS65_LL_AOI13X5           14      50.960    CORE65LPLVT  
HS65_LL_AOI211X3           1       3.640    CORE65LPLVT  
HS65_LL_AOI211X4         140     509.600    CORE65LPLVT  
HS65_LL_AOI212X2          30     124.800    CORE65LPLVT  
HS65_LL_AOI212X4         713    2966.080    CORE65LPLVT  
HS65_LL_AOI21X2          231     600.600    CORE65LPLVT  
HS65_LL_AOI21X6            1       3.120    CORE65LPLVT  
HS65_LL_AOI222X2         187     972.400    CORE65LPLVT  
HS65_LL_AOI22X1            2       7.280    CORE65LPLVT  
HS65_LL_AOI22X4           43     156.520    CORE65LPLVT  
HS65_LL_AOI22X6          712    2591.680    CORE65LPLVT  
HS65_LL_AOI311X2           1       4.160    CORE65LPLVT  
HS65_LL_AOI311X4           9      37.440    CORE65LPLVT  
HS65_LL_AOI312X4          10      52.000    CORE65LPLVT  
HS65_LL_AOI31X3            2       7.280    CORE65LPLVT  
HS65_LL_AOI31X5            7      25.480    CORE65LPLVT  
HS65_LL_AOI32X3            3      12.480    CORE65LPLVT  
HS65_LL_AOI32X5           40     166.400    CORE65LPLVT  
HS65_LL_AOI33X5            1       5.200    CORE65LPLVT  
HS65_LL_BFX2               1       2.080    CORE65LPLVT  
HS65_LL_BFX62             27     210.600    CORE65LPLVT  
HS65_LL_BFX9             222     461.760    CORE65LPLVT  
HS65_LL_CB4I1X4           14      58.240    CORE65LPLVT  
HS65_LL_CB4I1X9           40     166.400    CORE65LPLVT  
HS65_LL_CB4I6X4            1       4.160    CORE65LPLVT  
HS65_LL_CB4I6X9           35     145.600    CORE65LPLVT  
HS65_LL_CBI4I1X5         135     491.400    CORE65LPLVT  
HS65_LL_CBI4I6X2          17      61.880    CORE65LPLVT  
HS65_LL_CBI4I6X5         159     578.760    CORE65LPLVT  
HS65_LL_CNIVX7           351     547.560    CLOCK65LPLVT 
HS65_LL_DFPRQNX4          28     291.200    CORE65LPLVT  
HS65_LL_DFPRQNX9          59     613.600    CORE65LPLVT  
HS65_LL_DFPRQX4          248    2579.200    CORE65LPLVT  
HS65_LL_DFPRQX9         2311   24034.400    CORE65LPLVT  
HS65_LL_DFPSQX4            4      43.680    CORE65LPLVT  
HS65_LL_DFPSQX9           93    1015.560    CORE65LPLVT  
HS65_LL_DLYIC2X9           1       3.120    CLOCK65LPLVT 
HS65_LL_FA1X4           1157   10829.520    CORE65LPLVT  
HS65_LL_HA1X4            559    2906.800    CORE65LPLVT  
HS65_LL_IVX2              17      26.520    CORE65LPLVT  
HS65_LL_IVX4              91     141.960    CORE65LPLVT  
HS65_LL_IVX7             265     413.400    CORE65LPLVT  
HS65_LL_IVX9            2888    4505.280    CORE65LPLVT  
HS65_LL_LDLQX4            28     189.280    CORE65LPLVT  
HS65_LL_LDLQX9             2      13.520    CORE65LPLVT  
HS65_LL_MUX21I1X3          2       8.320    CORE65LPLVT  
HS65_LL_MUX21I1X6        203     844.480    CORE65LPLVT  
HS65_LL_MUX21X4         1253    5212.480    CORE65LPLVT  
HS65_LL_MUX41X9            4      41.600    CORE65LPLVT  
HS65_LL_MUXI21X2        1284    4673.760    CORE65LPLVT  
HS65_LL_MUXI31X2           4      29.120    CORE65LPLVT  
HS65_LL_MX41X4           112     873.600    CORE65LPLVT  
HS65_LL_MX41X7          1541   12019.800    CORE65LPLVT  
HS65_LL_NAND2AX4           9      28.080    CORE65LPLVT  
HS65_LL_NAND2AX7         282     879.840    CORE65LPLVT  
HS65_LL_NAND2X2           83     172.640    CORE65LPLVT  
HS65_LL_NAND2X4            8      16.640    CORE65LPLVT  
HS65_LL_NAND2X5           14      29.120    CORE65LPLVT  
HS65_LL_NAND2X7         1489    3097.120    CORE65LPLVT  
HS65_LL_NAND3AX3           5      18.200    CORE65LPLVT  
HS65_LL_NAND3AX6          65     236.600    CORE65LPLVT  
HS65_LL_NAND3X2            7      18.200    CORE65LPLVT  
HS65_LL_NAND3X3           15      39.000    CORE65LPLVT  
HS65_LL_NAND3X5          390    1014.000    CORE65LPLVT  
HS65_LL_NAND4ABX3        559    2034.760    CORE65LPLVT  
HS65_LL_NOR2AX3          898    2334.800    CORE65LPLVT  
HS65_LL_NOR2AX6            1       3.120    CORE65LPLVT  
HS65_LL_NOR2X2            84     174.720    CORE65LPLVT  
HS65_LL_NOR2X3             7      14.560    CORE65LPLVT  
HS65_LL_NOR2X5            43      89.440    CORE65LPLVT  
HS65_LL_NOR2X6          1868    3885.440    CORE65LPLVT  
HS65_LL_NOR3AX2          167     521.040    CORE65LPLVT  
HS65_LL_NOR3AX4            1       3.640    CORE65LPLVT  
HS65_LL_NOR3X1            24      62.400    CORE65LPLVT  
HS65_LL_NOR3X4           239     621.400    CORE65LPLVT  
HS65_LL_NOR4ABX2         340    1237.600    CORE65LPLVT  
HS65_LL_NOR4ABX4           3      12.480    CORE65LPLVT  
HS65_LL_NOR4X4            23     119.600    CORE65LPLVT  
HS65_LL_OA112X4            2       8.320    CORE65LPLVT  
HS65_LL_OA112X9           21      87.360    CORE65LPLVT  
HS65_LL_OA12X4             1       3.640    CORE65LPLVT  
HS65_LL_OA12X9            94     342.160    CORE65LPLVT  
HS65_LL_OA212X4            9      46.800    CORE65LPLVT  
HS65_LL_OA222X4           18     102.960    CORE65LPLVT  
HS65_LL_OA22X4             1       4.680    CORE65LPLVT  
HS65_LL_OA22X9            20      93.600    CORE65LPLVT  
HS65_LL_OA311X9            3      14.040    CORE65LPLVT  
HS65_LL_OA31X9            15      62.400    CORE65LPLVT  
HS65_LL_OA32X4             7      32.760    CORE65LPLVT  
HS65_LL_OAI112X3           7      25.480    CORE65LPLVT  
HS65_LL_OAI112X5          36     131.040    CORE65LPLVT  
HS65_LL_OAI12X2           12      31.200    CORE65LPLVT  
HS65_LL_OAI12X3          302     785.200    CORE65LPLVT  
HS65_LL_OAI13X2            1       3.640    CORE65LPLVT  
HS65_LL_OAI13X5           27      98.280    CORE65LPLVT  
HS65_LL_OAI211X4           1       3.640    CORE65LPLVT  
HS65_LL_OAI211X5          91     331.240    CORE65LPLVT  
HS65_LL_OAI212X5         282    1173.120    CORE65LPLVT  
HS65_LL_OAI21X3          355     923.000    CORE65LPLVT  
HS65_LL_OAI222X2          41     213.200    CORE65LPLVT  
HS65_LL_OAI22X1            3      10.920    CORE65LPLVT  
HS65_LL_OAI22X4            2       7.280    CORE65LPLVT  
HS65_LL_OAI22X6          249     906.360    CORE65LPLVT  
HS65_LL_OAI311X2           3      12.480    CORE65LPLVT  
HS65_LL_OAI311X5          12      49.920    CORE65LPLVT  
HS65_LL_OAI31X5           45     163.800    CORE65LPLVT  
HS65_LL_OAI32X2            1       4.160    CORE65LPLVT  
HS65_LL_OAI32X5           32     133.120    CORE65LPLVT  
HS65_LL_OAI33X3            7      36.400    CORE65LPLVT  
HS65_LL_OR2X4             19      59.280    CORE65LPLVT  
HS65_LL_OR2X9            165     514.800    CORE65LPLVT  
HS65_LL_OR3X4             11      40.040    CORE65LPLVT  
HS65_LL_OR3X9             13      47.320    CORE65LPLVT  
HS65_LL_OR4X4             20     104.000    CORE65LPLVT  
HS65_LL_PAO2X9            24     112.320    CORE65LPLVT  
HS65_LL_PAOI2X1          131     476.840    CORE65LPLVT  
HS65_LL_SDFPRQNX9         48     599.040    CORE65LPLVT  
HS65_LL_SDFPRQX4         216    2695.680    CORE65LPLVT  
HS65_LL_SDFPRQX9        4282   53439.360    CORE65LPLVT  
HS65_LL_SDFPSQNX9          2      26.000    CORE65LPLVT  
HS65_LL_SDFPSQTX9         36     468.000    CORE65LPLVT  
HS65_LL_SDFPSQX9           5      65.000    CORE65LPLVT  
---------------------------------------------------------
total                  33912  186982.120                 


   Library   Instances    Area    Instances % 
----------------------------------------------
CLOCK65LPLVT       352    550.680         1.0 
CORE65LPLVT      33560 186431.440        99.0 

                                           
     Type      Instances    Area    Area % 
-------------------------------------------
sequential          7362  86073.520   46.0 
inverter            3612   5634.720    3.0 
buffer               251    677.560    0.4 
unresolved             6      0.000    0.0 
logic              22687  94596.320   50.6 
physical_cells         0      0.000    0.0 
-------------------------------------------
total              33918 186982.120  100.0 

