============================================================
  Generated by:           Genus(TM) Synthesis Solution 16.12-s027_1
  Generated on:           Mar 26 2025  03:54:54 pm
  Module:                 pulpino_top
  Technology libraries:   CLOCK65LPLVT 
                          CORE65LPLVT 
                          SPHDL100909 
                          PAD 
  Operating conditions:   typical (balanced_tree)
  Wireload mode:          enclosed
  Area mode:              timing library
============================================================

Timing
--------

  Clock   Period  
------------------
clk_jtag 100000.0 
clk_spi  100000.0 
in_clk    40000.0 


  Cost     Critical       Violating 
  Group   Path Slack TNS    Paths   
------------------------------------
default      15937.7   0          0 
------------------------------------
Total                  0          0 

Instance Count
--------------
Leaf Instance Count             33912 
Sequential Instance Count        7362 
Combinational Instance Count    26550 
Hierarchical Instance Count       336 

Area
----
Cell Area                          186982.120
Physical Cell Area                 0.000
Total Cell Area (Cell+Physical)    186982.120
Net Area                           0.000
Total Area (Cell+Physical+Net)     186982.120

Max Fanout                         2130 (core_region_i/CORE.RISCV_CORE/core_clock_gate_i/clk_o)
Min Fanout                         0 (boot_addr_int[0])
Average Fanout                     2.5
Terms to net ratio                 3.4952
Terms to instance ratio            4.5320
Runtime                            317.907726861 seconds
Elapsed Runtime                    352 seconds
Genus peak memory usage            1007.00 
Innovus peak memory usage          no_value 
Hostname                           poppo.fransg.eit.lth.se
