============================================================
  Generated by:           Genus(TM) Synthesis Solution 16.12-s027_1
  Generated on:           Mar 26 2025  03:54:55 pm
  Module:                 pulpino_top
  Technology libraries:   CLOCK65LPLVT 
                          CORE65LPLVT 
                          SPHDL100909 
                          PAD 
  Operating conditions:   typical (balanced_tree)
  Wireload mode:          enclosed
  Area mode:              timing library
============================================================

               Pin                           Type          Fanout Load Slew Delay Arrival   
                                                                  (fF) (ps)  (ps)   (ps)    
--------------------------------------------------------------------------------------------
(clock in_clk)                          launch                                          0 R 
                                        latency                             +1000    1000 R 
core_region_i
  CORE.RISCV_CORE
    id_stage_i
      alu_operand_b_ex_o_reg[0]/CP                                      200          1000 R 
      alu_operand_b_ex_o_reg[0]/Q       HS65_LL_SDFPRQX4       12 33.4  128  +216    1216 F 
    id_stage_i/alu_operand_b_ex_o[0] 
    load_store_unit_i/operand_b_ex_i[0] 
      g4075/A                                                                  +0    1216   
      g4075/Z                           HS65_LL_AND2X4          2  4.7   27   +91    1307 F 
      final_adder_mux_463_27/B[0] 
        g777/B0                                                                +0    1307   
        g777/CO                         HS65_LL_HA1X4           1  3.7   26   +51    1358 F 
        g776/CI                                                                +0    1358   
        g776/CO                         HS65_LL_FA1X4           1  3.7   34   +81    1439 F 
        g775/CI                                                                +0    1439   
        g775/CO                         HS65_LL_FA1X4           1  3.7   34   +85    1524 F 
        g774/CI                                                                +0    1524   
        g774/CO                         HS65_LL_FA1X4           1  3.7   34   +85    1609 F 
        g773/CI                                                                +0    1609   
        g773/CO                         HS65_LL_FA1X4           1  3.7   37   +85    1694 F 
        g772/CI                                                                +0    1694   
        g772/CO                         HS65_LL_FA1X4           1  3.7   34   +86    1780 F 
        g771/CI                                                                +0    1780   
        g771/CO                         HS65_LL_FA1X4           1  3.7   34   +85    1865 F 
        g770/CI                                                                +0    1865   
        g770/CO                         HS65_LL_FA1X4           1  3.7   37   +85    1950 F 
        g769/CI                                                                +0    1950   
        g769/CO                         HS65_LL_FA1X4           1  3.7   36   +86    2036 F 
        g768/CI                                                                +0    2036   
        g768/CO                         HS65_LL_FA1X4           1  3.7   36   +86    2122 F 
        g767/CI                                                                +0    2122   
        g767/CO                         HS65_LL_FA1X4           1  3.7   36   +86    2208 F 
        g766/CI                                                                +0    2208   
        g766/CO                         HS65_LL_FA1X4           1  3.7   37   +86    2293 F 
        g765/CI                                                                +0    2293   
        g765/CO                         HS65_LL_FA1X4           1  3.7   36   +86    2380 F 
        g764/CI                                                                +0    2380   
        g764/CO                         HS65_LL_FA1X4           1  3.7   36   +86    2465 F 
        g763/CI                                                                +0    2465   
        g763/CO                         HS65_LL_FA1X4           1  3.7   36   +86    2551 F 
        g762/CI                                                                +0    2551   
        g762/CO                         HS65_LL_FA1X4           1  3.7   36   +86    2637 F 
        g761/CI                                                                +0    2637   
        g761/CO                         HS65_LL_FA1X4           1  3.7   35   +86    2722 F 
        g760/CI                                                                +0    2722   
        g760/CO                         HS65_LL_FA1X4           1  3.7   36   +86    2808 F 
        g759/CI                                                                +0    2808   
        g759/CO                         HS65_LL_FA1X4           1  3.7   36   +86    2894 F 
        g758/CI                                                                +0    2894   
        g758/CO                         HS65_LL_FA1X4           1  3.7   36   +86    2979 F 
        g757/CI                                                                +0    2979   
        g757/CO                         HS65_LL_FA1X4           1  3.7   36   +86    3065 F 
        g756/CI                                                                +0    3065   
        g756/CO                         HS65_LL_FA1X4           1  3.7   36   +86    3151 F 
        g755/CI                                                                +0    3151   
        g755/CO                         HS65_LL_FA1X4           1  3.7   36   +86    3237 F 
        g754/CI                                                                +0    3237   
        g754/CO                         HS65_LL_FA1X4           1  3.7   36   +86    3322 F 
        g753/CI                                                                +0    3322   
        g753/CO                         HS65_LL_FA1X4           1  3.7   36   +86    3408 F 
        g752/CI                                                                +0    3408   
        g752/CO                         HS65_LL_FA1X4           1  3.7   36   +86    3494 F 
        g751/CI                                                                +0    3494   
        g751/CO                         HS65_LL_FA1X4           1  3.7   36   +86    3580 F 
        g750/CI                                                                +0    3580   
        g750/CO                         HS65_LL_FA1X4           1  3.7   36   +86    3665 F 
        g749/CI                                                                +0    3665   
        g749/CO                         HS65_LL_FA1X4           1  3.7   36   +86    3751 F 
        g748/CI                                                                +0    3751   
        g748/CO                         HS65_LL_FA1X4           1  3.7   36   +86    3837 F 
        g747/CI                                                                +0    3837   
        g747/CO                         HS65_LL_FA1X4           1  2.0   30   +80    3917 F 
        g746/C                                                                 +0    3917   
        g746/Z                          HS65_LLS_XOR3X2         5 13.1  122  +147    4064 F 
      final_adder_mux_463_27/Z[31] 
    load_store_unit_i/data_addr_o[31] 
  CORE.RISCV_CORE/data_addr_o[31] 
  g1377/B                                                                      +0    4064   
  g1377/Z                               HS65_LL_NOR2X6          1  2.6   41   +54    4118 R 
  g1342/D                                                                      +0    4118   
  g1342/Z                               HS65_LL_NAND4ABX3       1  2.4   43   +39    4157 F 
  g1341/C                                                                      +0    4157   
  g1341/Z                               HS65_LL_NOR4ABX2        2  5.6  124   +91    4248 R 
  g1339/B                                                                      +0    4248   
  g1339/Z                               HS65_LL_NOR2X6          4 10.1   48   +59    4307 F 
  core2axi_i/data_req_i 
    core2axi_i/data_req_i 
      g670/A                                                                   +0    4307   
      g670/Z                            HS65_LL_AND2X4          4 10.7   43   +71    4378 F 
      g666/B                                                                   +0    4378   
      g666/Z                            HS65_LL_NAND2X7         2  6.6   36   +30    4408 R 
      g664/B                                                                   +0    4408   
      g664/Z                            HS65_LL_NAND2AX7        3  8.2   34   +31    4440 F 
    core2axi_i/w_valid_o 
  core2axi_i/master_w_valid 
  axi_slice_core2axi/axi_slave_w_valid 
    WITH_SLICE.axi_slice_i/axi_slave_w_valid_i 
      w_buffer_i/slave_valid_i 
        buffer_i/valid_i 
          g1247/A                                                              +0    4440   
          g1247/Z                       HS65_LL_AND2X4          5 13.0   51   +70    4509 F 
          cg_cell/en_i 
            g8/B                                                               +0    4509   
            g8/Z                        HS65_LL_OR2X9           1  1.8   14   +53    4562 F 
            clk_en_reg/D           <<<  HS65_LL_LDLQX4                         +0    4562   
- - - - - - - - - - - - - - - - - - - - - - - - - - - - - - - - - - - - - - - - - - - - - - 
(clock in_clk)                          open                                        20000 F 
                                        latency                             +1000   21000 F 
                                        uncertainty                          -500   20500 F 
            clk_en_reg/GN               borrowed                               +0   20500   
--------------------------------------------------------------------------------------------
Timing slack :   15938ps 
Start-point  : core_region_i/CORE.RISCV_CORE/id_stage_i/alu_operand_b_ex_o_reg[0]/CP
End-point    : core_region_i/axi_slice_core2axi/WITH_SLICE.axi_slice_i/w_buffer_i/buffer_i/cg_cell/clk_en_reg/D
