============================================================
  Generated by:           Genus(TM) Synthesis Solution 16.12-s027_1
  Generated on:           Apr 11 2025  12:35:53 pm
  Module:                 top_top
  Technology libraries:   CLOCK65LPLVT 
                          CORE65LPLVT 
                          SPHDL100909 
                          PAD 
  Operating conditions:   typical (balanced_tree)
  Wireload mode:          enclosed
  Area mode:              timing library
============================================================

                                           
        Gate         Instances     Area        Library     
-----------------------------------------------------------
CPAD_S_74x50u_IN            17   76160.000    PAD          
CPAD_S_74x50u_OUT           11   49280.000    PAD          
HS65_LLS_XNOR2X6            84     349.440    CORE65LPLVT  
HS65_LLS_XNOR3X2             2      16.640    CORE65LPLVT  
HS65_LLS_XOR2X3             15      62.400    CORE65LPLVT  
HS65_LLS_XOR2X6            248    1031.680    CORE65LPLVT  
HS65_LLS_XOR3X2             44     343.200    CORE65LPLVT  
HS65_LL_AND2X4            1204    3130.400    CORE65LPLVT  
HS65_LL_AND3X9              55     200.200    CORE65LPLVT  
HS65_LL_AND4X3               1       5.200    CORE65LPLVT  
HS65_LL_AND4X6              16      83.200    CORE65LPLVT  
HS65_LL_AO112X4             24      99.840    CORE65LPLVT  
HS65_LL_AO112X9             62     257.920    CORE65LPLVT  
HS65_LL_AO12X9             214     778.960    CORE65LPLVT  
HS65_LL_AO212X4            331    1549.080    CORE65LPLVT  
HS65_LL_AO222X4           2113   12086.360    CORE65LPLVT  
HS65_LL_AO22X18             22     125.840    CORE65LPLVT  
HS65_LL_AO22X4               2       8.320    CORE65LPLVT  
HS65_LL_AO22X9            1088    4526.080    CORE65LPLVT  
HS65_LL_AO311X4              2       9.360    CORE65LPLVT  
HS65_LL_AO311X9              4      18.720    CORE65LPLVT  
HS65_LL_AO312X9              5      28.600    CORE65LPLVT  
HS65_LL_AO31X9              16      66.560    CORE65LPLVT  
HS65_LL_AO32X4              29     135.720    CORE65LPLVT  
HS65_LL_AO33X9               8      45.760    CORE65LPLVT  
HS65_LL_AOI112X4            27      98.280    CORE65LPLVT  
HS65_LL_AOI12X2            161     418.600    CORE65LPLVT  
HS65_LL_AOI12X6              1       3.120    CORE65LPLVT  
HS65_LL_AOI13X4              1       3.640    CORE65LPLVT  
HS65_LL_AOI13X5             10      36.400    CORE65LPLVT  
HS65_LL_AOI211X4           131     476.840    CORE65LPLVT  
HS65_LL_AOI212X4           805    3348.800    CORE65LPLVT  
HS65_LL_AOI21X2            277     720.200    CORE65LPLVT  
HS65_LL_AOI21X6              1       3.120    CORE65LPLVT  
HS65_LL_AOI222X2           189     982.800    CORE65LPLVT  
HS65_LL_AOI22X4             17      61.880    CORE65LPLVT  
HS65_LL_AOI22X6            897    3265.080    CORE65LPLVT  
HS65_LL_AOI311X4            18      74.880    CORE65LPLVT  
HS65_LL_AOI312X4             8      41.600    CORE65LPLVT  
HS65_LL_AOI31X5              7      25.480    CORE65LPLVT  
HS65_LL_AOI32X5             36     149.760    CORE65LPLVT  
HS65_LL_AOI33X5              3      15.600    CORE65LPLVT  
HS65_LL_BFX2                 1       2.080    CORE65LPLVT  
HS65_LL_BFX4                13      27.040    CORE65LPLVT  
HS65_LL_BFX9               185     384.800    CORE65LPLVT  
HS65_LL_CB4I1X9             23      95.680    CORE65LPLVT  
HS65_LL_CB4I6X4              1       4.160    CORE65LPLVT  
HS65_LL_CB4I6X9             23      95.680    CORE65LPLVT  
HS65_LL_CBI4I1X5           118     429.520    CORE65LPLVT  
HS65_LL_CBI4I6X2             1       3.640    CORE65LPLVT  
HS65_LL_CBI4I6X5           125     455.000    CORE65LPLVT  
HS65_LL_CNIVX7             339     528.840    CLOCK65LPLVT 
HS65_LL_DFPQX9               4      31.200    CORE65LPLVT  
HS65_LL_DFPRQNX4            23     239.200    CORE65LPLVT  
HS65_LL_DFPRQNX9            68     707.200    CORE65LPLVT  
HS65_LL_DFPRQX4             44     457.600    CORE65LPLVT  
HS65_LL_DFPRQX9           2516   26166.400    CORE65LPLVT  
HS65_LL_DFPSQX9            107    1168.440    CORE65LPLVT  
HS65_LL_DLYIC2X9             3       9.360    CLOCK65LPLVT 
HS65_LL_FA1X4              844    7899.840    CORE65LPLVT  
HS65_LL_HA1X4              490    2548.000    CORE65LPLVT  
HS65_LL_IVX18                2       4.160    CORE65LPLVT  
HS65_LL_IVX2                20      31.200    CORE65LPLVT  
HS65_LL_IVX4                65     101.400    CORE65LPLVT  
HS65_LL_IVX7               323     503.880    CORE65LPLVT  
HS65_LL_IVX9              2814    4389.840    CORE65LPLVT  
HS65_LL_LDLQX4              24     162.240    CORE65LPLVT  
HS65_LL_LDLQX9               7      47.320    CORE65LPLVT  
HS65_LL_MUX21I1X6          210     873.600    CORE65LPLVT  
HS65_LL_MUX21X4           1140    4742.400    CORE65LPLVT  
HS65_LL_MUX31X4              2      14.560    CORE65LPLVT  
HS65_LL_MUX41X9             10     104.000    CORE65LPLVT  
HS65_LL_MUXI21X2          1163    4233.320    CORE65LPLVT  
HS65_LL_MUXI31X2             4      29.120    CORE65LPLVT  
HS65_LL_MUXI41X2            18     177.840    CORE65LPLVT  
HS65_LL_MX41X7            1391   10849.800    CORE65LPLVT  
HS65_LL_NAND2AX4             2       6.240    CORE65LPLVT  
HS65_LL_NAND2AX7           307     957.840    CORE65LPLVT  
HS65_LL_NAND2X2              1       2.080    CORE65LPLVT  
HS65_LL_NAND2X4              2       4.160    CORE65LPLVT  
HS65_LL_NAND2X5             24      49.920    CORE65LPLVT  
HS65_LL_NAND2X7           1658    3448.640    CORE65LPLVT  
HS65_LL_NAND3AX3             2       7.280    CORE65LPLVT  
HS65_LL_NAND3AX6            65     236.600    CORE65LPLVT  
HS65_LL_NAND3X3             37      96.200    CORE65LPLVT  
HS65_LL_NAND3X5            370     962.000    CORE65LPLVT  
HS65_LL_NAND4ABX3          617    2245.880    CORE65LPLVT  
HS65_LL_NOR2AX3            850    2210.000    CORE65LPLVT  
HS65_LL_NOR2AX6             11      34.320    CORE65LPLVT  
HS65_LL_NOR2X2               4       8.320    CORE65LPLVT  
HS65_LL_NOR2X5              79     164.320    CORE65LPLVT  
HS65_LL_NOR2X6            1879    3908.320    CORE65LPLVT  
HS65_LL_NOR3AX2            175     546.000    CORE65LPLVT  
HS65_LL_NOR3AX4              2       7.280    CORE65LPLVT  
HS65_LL_NOR3X1               4      10.400    CORE65LPLVT  
HS65_LL_NOR3X4             251     652.600    CORE65LPLVT  
HS65_LL_NOR4ABX2           266     968.240    CORE65LPLVT  
HS65_LL_NOR4ABX4             2       8.320    CORE65LPLVT  
HS65_LL_NOR4X4              24     124.800    CORE65LPLVT  
HS65_LL_OA112X9             18      74.880    CORE65LPLVT  
HS65_LL_OA12X9              93     338.520    CORE65LPLVT  
HS65_LL_OA212X4             10      52.000    CORE65LPLVT  
HS65_LL_OA222X4             14      80.080    CORE65LPLVT  
HS65_LL_OA22X9              39     182.520    CORE65LPLVT  
HS65_LL_OA311X9              2       9.360    CORE65LPLVT  
HS65_LL_OA31X9              12      49.920    CORE65LPLVT  
HS65_LL_OA32X4              13      60.840    CORE65LPLVT  
HS65_LL_OAI112X5            24      87.360    CORE65LPLVT  
HS65_LL_OAI12X3            281     730.600    CORE65LPLVT  
HS65_LL_OAI13X5             24      87.360    CORE65LPLVT  
HS65_LL_OAI211X4             7      25.480    CORE65LPLVT  
HS65_LL_OAI211X5            81     294.840    CORE65LPLVT  
HS65_LL_OAI212X5           340    1414.400    CORE65LPLVT  
HS65_LL_OAI21X3            311     808.600    CORE65LPLVT  
HS65_LL_OAI222X2            53     275.600    CORE65LPLVT  
HS65_LL_OAI22X4             10      36.400    CORE65LPLVT  
HS65_LL_OAI22X6            348    1266.720    CORE65LPLVT  
HS65_LL_OAI311X5            17      70.720    CORE65LPLVT  
HS65_LL_OAI31X5             38     138.320    CORE65LPLVT  
HS65_LL_OAI32X5             35     145.600    CORE65LPLVT  
HS65_LL_OAI33X3              3      15.600    CORE65LPLVT  
HS65_LL_OR2X4                2       6.240    CORE65LPLVT  
HS65_LL_OR2X9              162     505.440    CORE65LPLVT  
HS65_LL_OR3X4                9      32.760    CORE65LPLVT  
HS65_LL_OR3X9               15      54.600    CORE65LPLVT  
HS65_LL_OR4X4               13      67.600    CORE65LPLVT  
HS65_LL_PAO2X9              36     168.480    CORE65LPLVT  
HS65_LL_PAOI2X1            113     411.320    CORE65LPLVT  
HS65_LL_SDFPRQNX9           36     449.280    CORE65LPLVT  
HS65_LL_SDFPRQX4            19     237.120    CORE65LPLVT  
HS65_LL_SDFPRQX9          5072   63298.560    CORE65LPLVT  
HS65_LL_SDFPSQNX9            2      26.000    CORE65LPLVT  
HS65_LL_SDFPSQTX9           46     598.000    CORE65LPLVT  
HS65_LL_SDFPSQX9             3      39.000    CORE65LPLVT  
ST_SPHDL_2048x8m8_L         32  562067.187    SPHDL100909  
-----------------------------------------------------------
total                    34292  878510.987                 


   Library   Instances    Area    Instances % 
----------------------------------------------
CLOCK65LPLVT       342    538.200         1.0 
CORE65LPLVT      33890 190465.600        98.8 
PAD                 28 125440.000         0.1 
SPHDL100909         32 562067.187         0.1 

                                           
     Type      Instances    Area    Area % 
-------------------------------------------
timing_model          60 687507.187   78.3 
sequential          7971  93627.560   10.7 
inverter            3563   5559.320    0.6 
buffer               202    423.280    0.0 
unresolved             1      0.000    0.0 
logic              22496  91393.640   10.4 
physical_cells         0      0.000    0.0 
-------------------------------------------
total              34293 878510.987  100.0 

