============================================================
  Generated by:           Genus(TM) Synthesis Solution 16.12-s027_1
  Generated on:           Apr 11 2025  12:35:52 pm
  Module:                 top_top
  Technology libraries:   CLOCK65LPLVT 
                          CORE65LPLVT 
                          SPHDL100909 
                          PAD 
  Operating conditions:   typical (balanced_tree)
  Wireload mode:          enclosed
  Area mode:              timing library
============================================================

Timing
--------

  Clock   Period  
------------------
clk_jtag 100000.0 
clk_spi  100000.0 
in_clk    40000.0 


  Cost     Critical       Violating 
  Group   Path Slack TNS    Paths   
------------------------------------
default      15840.9   0          0 
------------------------------------
Total                  0          0 

Instance Count
--------------
Leaf Instance Count             34292 
Sequential Instance Count        8003 
Combinational Instance Count    26289 
Hierarchical Instance Count       222 

Area
----
Cell Area                          878510.987
Physical Cell Area                 0.000
Total Cell Area (Cell+Physical)    878510.987
Net Area                           0.000
Total Area (Cell+Physical+Net)     878510.987

Max Fanout                         2130 (top_inst_core_region_i/CORE.RISCV_CORE/core_clock_gate_i/clk_o)
Min Fanout                         0 (out_gpio_out8)
Average Fanout                     2.8
Terms to net ratio                 3.9105
Terms to instance ratio            4.5729
Runtime                            409.60037977800005 seconds
Elapsed Runtime                    426 seconds
Genus peak memory usage            1105.78 
Innovus peak memory usage          no_value 
Hostname                           krok.fransg.eit.lth.se
