============================================================
  Generated by:           Genus(TM) Synthesis Solution 16.12-s027_1
  Generated on:           Apr 11 2025  12:35:53 pm
  Module:                 top_top
  Technology libraries:   CLOCK65LPLVT 
                          CORE65LPLVT 
                          SPHDL100909 
                          PAD 
  Operating conditions:   typical (balanced_tree)
  Wireload mode:          enclosed
  Area mode:              timing library
============================================================

               Pin                           Type          Fanout Load Slew Delay Arrival   
                                                                  (fF) (ps)  (ps)   (ps)    
--------------------------------------------------------------------------------------------
(clock in_clk)                          launch                                          0 R 
                                        latency                             +1000    1000 R 
top_inst_core_region_i
  CORE.RISCV_CORE
    id_stage_i
      alu_operand_a_ex_o_reg[0]/CP                                      200          1000 R 
      alu_operand_a_ex_o_reg[0]/Q       HS65_LL_SDFPRQX4       20 58.5  216  +267    1267 F 
    id_stage_i/alu_operand_a_ex_o[0] 
    load_store_unit_i/operand_a_ex_i[0] 
      ADD_UNS_OP/A[0] 
        g2400/A0                                                               +0    1267   
        g2400/CO                        HS65_LL_HA1X4           1  3.7   30  +131    1398 F 
        g2399/CI                                                               +0    1398   
        g2399/CO                        HS65_LL_FA1X4           1  3.7   37   +83    1481 F 
        g2398/CI                                                               +0    1481   
        g2398/CO                        HS65_LL_FA1X4           1  3.7   37   +86    1567 F 
        g2397/CI                                                               +0    1567   
        g2397/CO                        HS65_LL_FA1X4           1  3.7   34   +86    1654 F 
        g2396/CI                                                               +0    1654   
        g2396/CO                        HS65_LL_FA1X4           1  3.7   37   +85    1738 F 
        g2395/CI                                                               +0    1738   
        g2395/CO                        HS65_LL_FA1X4           1  3.7   37   +86    1825 F 
        g2394/CI                                                               +0    1825   
        g2394/CO                        HS65_LL_FA1X4           1  3.7   37   +86    1911 F 
        g2393/CI                                                               +0    1911   
        g2393/CO                        HS65_LL_FA1X4           1  3.7   37   +86    1997 F 
        g2392/CI                                                               +0    1997   
        g2392/CO                        HS65_LL_FA1X4           1  3.7   34   +86    2084 F 
        g2391/CI                                                               +0    2084   
        g2391/CO                        HS65_LL_FA1X4           1  3.7   34   +85    2168 F 
        g2390/CI                                                               +0    2168   
        g2390/CO                        HS65_LL_FA1X4           1  3.7   34   +85    2253 F 
        g2389/CI                                                               +0    2253   
        g2389/CO                        HS65_LL_FA1X4           1  3.7   36   +85    2338 F 
        g2388/CI                                                               +0    2338   
        g2388/CO                        HS65_LL_FA1X4           1  3.7   34   +86    2424 F 
        g2387/CI                                                               +0    2424   
        g2387/CO                        HS65_LL_FA1X4           1  3.7   34   +85    2509 F 
        g2386/CI                                                               +0    2509   
        g2386/CO                        HS65_LL_FA1X4           1  3.7   36   +85    2594 F 
        g2385/CI                                                               +0    2594   
        g2385/CO                        HS65_LL_FA1X4           1  3.7   34   +86    2680 F 
        g2384/CI                                                               +0    2680   
        g2384/CO                        HS65_LL_FA1X4           1  3.7   34   +85    2764 F 
        g2383/CI                                                               +0    2764   
        g2383/CO                        HS65_LL_FA1X4           1  3.7   33   +85    2849 F 
        g2382/CI                                                               +0    2849   
        g2382/CO                        HS65_LL_FA1X4           1  3.7   33   +85    2934 F 
        g2381/CI                                                               +0    2934   
        g2381/CO                        HS65_LL_FA1X4           1  3.7   34   +85    3018 F 
        g2380/CI                                                               +0    3018   
        g2380/CO                        HS65_LL_FA1X4           1  3.7   34   +85    3103 F 
        g2379/CI                                                               +0    3103   
        g2379/CO                        HS65_LL_FA1X4           1  3.7   34   +85    3188 F 
        g2378/CI                                                               +0    3188   
        g2378/CO                        HS65_LL_FA1X4           1  3.7   34   +85    3272 F 
        g2377/CI                                                               +0    3272   
        g2377/CO                        HS65_LL_FA1X4           1  3.7   34   +85    3357 F 
        g2376/CI                                                               +0    3357   
        g2376/CO                        HS65_LL_FA1X4           1  3.7   34   +85    3442 F 
        g2375/CI                                                               +0    3442   
        g2375/CO                        HS65_LL_FA1X4           1  3.7   34   +85    3527 F 
        g2374/CI                                                               +0    3527   
        g2374/CO                        HS65_LL_FA1X4           1  3.7   34   +85    3612 F 
        g2373/CI                                                               +0    3612   
        g2373/CO                        HS65_LL_FA1X4           1  3.7   34   +85    3696 F 
        g2372/CI                                                               +0    3696   
        g2372/CO                        HS65_LL_FA1X4           1  3.7   34   +85    3781 F 
        g2371/CI                                                               +0    3781   
        g2371/CO                        HS65_LL_FA1X4           1  3.7   34   +85    3866 F 
        g2370/CI                                                               +0    3866   
        g2370/CO                        HS65_LL_FA1X4           1  2.0   28   +79    3945 F 
        g2369/C                                                                +0    3945   
        g2369/Z                         HS65_LLS_XOR3X2         5 14.8  136  +152    4097 F 
      ADD_UNS_OP/Z[31] 
    load_store_unit_i/data_addr_o[31] 
  CORE.RISCV_CORE/data_addr_o[31] 
  g1389/B                                                                      +0    4097   
  g1389/Z                               HS65_LL_NOR2X6          1  3.0   46   +59    4156 R 
  g1354/D                                                                      +0    4156   
  g1354/Z                               HS65_LL_NAND4ABX3       1  2.8   47   +43    4199 F 
  g1353/C                                                                      +0    4199   
  g1353/Z                               HS65_LL_NOR4ABX2        2  6.3  135  +100    4299 R 
  g1351/B                                                                      +0    4299   
  g1351/Z                               HS65_LL_NOR2X6          4 11.5   53   +65    4363 F 
  core2axi_i/data_req_i 
    g682/A                                                                     +0    4363   
    g682/Z                              HS65_LL_AND2X4          4  9.1   38   +70    4434 F 
    g679/A                                                                     +0    4434   
    g679/Z                              HS65_LL_AND2X4          2  4.5   24   +53    4486 F 
    g678/B                                                                     +0    4486   
    g678/Z                              HS65_LL_OR2X9           3  9.2   26   +54    4540 F 
  core2axi_i/master_w_valid 
  axi_slice_core2axi/axi_slave_w_valid 
    WITH_SLICE.axi_slice_i_w_buffer_i/slave_valid_i 
      g1220/A                                                                  +0    4540   
      g1220/Z                           HS65_LL_AND2X4          5 13.0   51   +66    4606 F 
      buffer_i_cg_cell/en_i 
        g8/B                                                                   +0    4606   
        g8/Z                            HS65_LL_OR2X9           1  1.8   18   +53    4659 F 
        clk_en_reg/D               <<<  HS65_LL_LDLQX4                         +0    4659   
- - - - - - - - - - - - - - - - - - - - - - - - - - - - - - - - - - - - - - - - - - - - - - 
(clock in_clk)                          open                                        20000 F 
                                        latency                             +1000   21000 F 
                                        uncertainty                          -500   20500 F 
        clk_en_reg/GN                   borrowed                               +0   20500   
--------------------------------------------------------------------------------------------
Timing slack :   15841ps 
Start-point  : top_inst_core_region_i/CORE.RISCV_CORE/id_stage_i/alu_operand_a_ex_o_reg[0]/CP
End-point    : top_inst_core_region_i/axi_slice_core2axi/WITH_SLICE.axi_slice_i_w_buffer_i/buffer_i_cg_cell/clk_en_reg/D
